ARM GAS  /tmp/ccSdEbIp.s 			page 1


   1              		.cpu cortex-m7
   2              		.arch armv7e-m
   3              		.fpu fpv5-d16
   4              		.eabi_attribute 28, 1
   5              		.eabi_attribute 20, 1
   6              		.eabi_attribute 21, 1
   7              		.eabi_attribute 23, 3
   8              		.eabi_attribute 24, 1
   9              		.eabi_attribute 25, 1
  10              		.eabi_attribute 26, 1
  11              		.eabi_attribute 30, 1
  12              		.eabi_attribute 34, 1
  13              		.eabi_attribute 18, 4
  14              		.file	"stm32h7xx_hal_msp.c"
  15              		.text
  16              	.Ltext0:
  17              		.cfi_sections	.debug_frame
  18              		.file 1 "Core/Src/stm32h7xx_hal_msp.c"
  19              		.section	.text.HAL_MspInit,"ax",%progbits
  20              		.align	1
  21              		.global	HAL_MspInit
  22              		.syntax unified
  23              		.thumb
  24              		.thumb_func
  26              	HAL_MspInit:
  27              	.LFB147:
   1:Core/Src/stm32h7xx_hal_msp.c **** /* USER CODE BEGIN Header */
   2:Core/Src/stm32h7xx_hal_msp.c **** /**
   3:Core/Src/stm32h7xx_hal_msp.c ****   ******************************************************************************
   4:Core/Src/stm32h7xx_hal_msp.c ****   * @file         stm32h7xx_hal_msp.c
   5:Core/Src/stm32h7xx_hal_msp.c ****   * @brief        This file provides code for the MSP Initialization
   6:Core/Src/stm32h7xx_hal_msp.c ****   *               and de-Initialization codes.
   7:Core/Src/stm32h7xx_hal_msp.c ****   ******************************************************************************
   8:Core/Src/stm32h7xx_hal_msp.c ****   * @attention
   9:Core/Src/stm32h7xx_hal_msp.c ****   *
  10:Core/Src/stm32h7xx_hal_msp.c ****   * Copyright (c) 2025 STMicroelectronics.
  11:Core/Src/stm32h7xx_hal_msp.c ****   * All rights reserved.
  12:Core/Src/stm32h7xx_hal_msp.c ****   *
  13:Core/Src/stm32h7xx_hal_msp.c ****   * This software is licensed under terms that can be found in the LICENSE file
  14:Core/Src/stm32h7xx_hal_msp.c ****   * in the root directory of this software component.
  15:Core/Src/stm32h7xx_hal_msp.c ****   * If no LICENSE file comes with this software, it is provided AS-IS.
  16:Core/Src/stm32h7xx_hal_msp.c ****   *
  17:Core/Src/stm32h7xx_hal_msp.c ****   ******************************************************************************
  18:Core/Src/stm32h7xx_hal_msp.c ****   */
  19:Core/Src/stm32h7xx_hal_msp.c **** /* USER CODE END Header */
  20:Core/Src/stm32h7xx_hal_msp.c **** 
  21:Core/Src/stm32h7xx_hal_msp.c **** /* Includes ------------------------------------------------------------------*/
  22:Core/Src/stm32h7xx_hal_msp.c **** #include "main.h"
  23:Core/Src/stm32h7xx_hal_msp.c **** /* USER CODE BEGIN Includes */
  24:Core/Src/stm32h7xx_hal_msp.c **** 
  25:Core/Src/stm32h7xx_hal_msp.c **** /* USER CODE END Includes */
  26:Core/Src/stm32h7xx_hal_msp.c **** 
  27:Core/Src/stm32h7xx_hal_msp.c **** /* Private typedef -----------------------------------------------------------*/
  28:Core/Src/stm32h7xx_hal_msp.c **** /* USER CODE BEGIN TD */
  29:Core/Src/stm32h7xx_hal_msp.c **** 
  30:Core/Src/stm32h7xx_hal_msp.c **** /* USER CODE END TD */
  31:Core/Src/stm32h7xx_hal_msp.c **** 
ARM GAS  /tmp/ccSdEbIp.s 			page 2


  32:Core/Src/stm32h7xx_hal_msp.c **** /* Private define ------------------------------------------------------------*/
  33:Core/Src/stm32h7xx_hal_msp.c **** /* USER CODE BEGIN Define */
  34:Core/Src/stm32h7xx_hal_msp.c **** 
  35:Core/Src/stm32h7xx_hal_msp.c **** /* USER CODE END Define */
  36:Core/Src/stm32h7xx_hal_msp.c **** 
  37:Core/Src/stm32h7xx_hal_msp.c **** /* Private macro -------------------------------------------------------------*/
  38:Core/Src/stm32h7xx_hal_msp.c **** /* USER CODE BEGIN Macro */
  39:Core/Src/stm32h7xx_hal_msp.c **** 
  40:Core/Src/stm32h7xx_hal_msp.c **** /* USER CODE END Macro */
  41:Core/Src/stm32h7xx_hal_msp.c **** 
  42:Core/Src/stm32h7xx_hal_msp.c **** /* Private variables ---------------------------------------------------------*/
  43:Core/Src/stm32h7xx_hal_msp.c **** /* USER CODE BEGIN PV */
  44:Core/Src/stm32h7xx_hal_msp.c **** 
  45:Core/Src/stm32h7xx_hal_msp.c **** /* USER CODE END PV */
  46:Core/Src/stm32h7xx_hal_msp.c **** 
  47:Core/Src/stm32h7xx_hal_msp.c **** /* Private function prototypes -----------------------------------------------*/
  48:Core/Src/stm32h7xx_hal_msp.c **** /* USER CODE BEGIN PFP */
  49:Core/Src/stm32h7xx_hal_msp.c **** 
  50:Core/Src/stm32h7xx_hal_msp.c **** /* USER CODE END PFP */
  51:Core/Src/stm32h7xx_hal_msp.c **** 
  52:Core/Src/stm32h7xx_hal_msp.c **** /* External functions --------------------------------------------------------*/
  53:Core/Src/stm32h7xx_hal_msp.c **** /* USER CODE BEGIN ExternalFunctions */
  54:Core/Src/stm32h7xx_hal_msp.c **** 
  55:Core/Src/stm32h7xx_hal_msp.c **** /* USER CODE END ExternalFunctions */
  56:Core/Src/stm32h7xx_hal_msp.c **** 
  57:Core/Src/stm32h7xx_hal_msp.c **** /* USER CODE BEGIN 0 */
  58:Core/Src/stm32h7xx_hal_msp.c **** 
  59:Core/Src/stm32h7xx_hal_msp.c **** /* USER CODE END 0 */
  60:Core/Src/stm32h7xx_hal_msp.c **** /**
  61:Core/Src/stm32h7xx_hal_msp.c ****   * Initializes the Global MSP.
  62:Core/Src/stm32h7xx_hal_msp.c ****   */
  63:Core/Src/stm32h7xx_hal_msp.c **** void HAL_MspInit(void)
  64:Core/Src/stm32h7xx_hal_msp.c **** {
  28              		.loc 1 64 1 view -0
  29              		.cfi_startproc
  30              		@ args = 0, pretend = 0, frame = 8
  31              		@ frame_needed = 0, uses_anonymous_args = 0
  32              		@ link register save eliminated.
  33 0000 82B0     		sub	sp, sp, #8
  34              		.cfi_def_cfa_offset 8
  65:Core/Src/stm32h7xx_hal_msp.c **** 
  66:Core/Src/stm32h7xx_hal_msp.c ****   /* USER CODE BEGIN MspInit 0 */
  67:Core/Src/stm32h7xx_hal_msp.c **** 
  68:Core/Src/stm32h7xx_hal_msp.c ****   /* USER CODE END MspInit 0 */
  69:Core/Src/stm32h7xx_hal_msp.c **** 
  70:Core/Src/stm32h7xx_hal_msp.c ****   __HAL_RCC_SYSCFG_CLK_ENABLE();
  35              		.loc 1 70 3 view .LVU1
  36              	.LBB2:
  37              		.loc 1 70 3 view .LVU2
  38              		.loc 1 70 3 view .LVU3
  39 0002 074B     		ldr	r3, .L3
  40 0004 D3F8F420 		ldr	r2, [r3, #244]
  41 0008 42F00202 		orr	r2, r2, #2
  42 000c C3F8F420 		str	r2, [r3, #244]
  43              		.loc 1 70 3 view .LVU4
  44 0010 D3F8F430 		ldr	r3, [r3, #244]
  45 0014 03F00203 		and	r3, r3, #2
ARM GAS  /tmp/ccSdEbIp.s 			page 3


  46 0018 0193     		str	r3, [sp, #4]
  47              		.loc 1 70 3 view .LVU5
  48 001a 019B     		ldr	r3, [sp, #4]
  49              	.LBE2:
  50              		.loc 1 70 3 view .LVU6
  71:Core/Src/stm32h7xx_hal_msp.c **** 
  72:Core/Src/stm32h7xx_hal_msp.c ****   /* System interrupt init*/
  73:Core/Src/stm32h7xx_hal_msp.c **** 
  74:Core/Src/stm32h7xx_hal_msp.c ****   /* USER CODE BEGIN MspInit 1 */
  75:Core/Src/stm32h7xx_hal_msp.c **** 
  76:Core/Src/stm32h7xx_hal_msp.c ****   /* USER CODE END MspInit 1 */
  77:Core/Src/stm32h7xx_hal_msp.c **** }
  51              		.loc 1 77 1 is_stmt 0 view .LVU7
  52 001c 02B0     		add	sp, sp, #8
  53              		.cfi_def_cfa_offset 0
  54              		@ sp needed
  55 001e 7047     		bx	lr
  56              	.L4:
  57              		.align	2
  58              	.L3:
  59 0020 00440258 		.word	1476543488
  60              		.cfi_endproc
  61              	.LFE147:
  63              		.text
  64              	.Letext0:
  65              		.file 2 "/home/leo/.config/Code/User/globalStorage/bmd.stm32-for-vscode/@xpack-dev-tools/arm-none-
  66              		.file 3 "/home/leo/.config/Code/User/globalStorage/bmd.stm32-for-vscode/@xpack-dev-tools/arm-none-
  67              		.file 4 "Drivers/CMSIS/Device/ST/STM32H7xx/Include/stm32h723xx.h"
ARM GAS  /tmp/ccSdEbIp.s 			page 4


DEFINED SYMBOLS
                            *ABS*:00000000 stm32h7xx_hal_msp.c
     /tmp/ccSdEbIp.s:20     .text.HAL_MspInit:00000000 $t
     /tmp/ccSdEbIp.s:26     .text.HAL_MspInit:00000000 HAL_MspInit
     /tmp/ccSdEbIp.s:59     .text.HAL_MspInit:00000020 $d

NO UNDEFINED SYMBOLS
